<?xml version="1.0" encoding="UTF-8"?>
<!-- Generated by org.testng.reporters.JUnitReportReporter -->
<testsuite hostname="DESKTOP-F1LV6KC" failures="0" tests="3" name="test.com.SearchTestNGTest" time="105.887" errors="0" timestamp="20 Jan 2024 04:57:47 GMT">
  <testcase classname="test.com.SearchTestNGTest" name="testTCSearchVaildItems" time="54.874"/>
  <testcase classname="test.com.SearchTestNGTest" name="testUntitledTestCase" time="21.623"/>
  <testcase classname="test.com.SearchTestNGTest" name="testSuggested" time="29.390"/>
</testsuite> <!-- test.com.SearchTestNGTest -->
